BST
BPL 10
EFF 36
CLR 7
EFF 37
SET mojibg 1
EFF 33
MSG 「ぼうや、よくお聞き・・・・・・世界はどこかにね・・・・・・『カナン』と呼ばれている都市があるのよ
KEY
MSG そこは神に祝福された地なの。私達人間のために用意された楽園、理想郷・・・・・・・広い空間、恵みの太陽、豊富な種類の食べ物
KEY
MSG もちろん変異体だって入ってこれないわ。豊かで快適な暮らしがそこにはあるの。このシェルターの中みたいに狭苦しくて不自由な暮らしをしなくてすむのよ」
KEY
MSG 変異体。その名前は僕達人間にとって、「悪魔」や「鬼」と同義語だ。
KEY
MSG 変異体がその驚異的な繁殖力で世界にあふれ、その欲望の赴くままに人々を襲い、屠ったせいで、人間は変異体に見つからないようにこんな地の底に隠れて、狭い場所で脅えながら暮らさなくてはならなくなったのだ。
KEY
MSG 凶暴な変異体がお互いに殺しあって、滅び去ってしまったらどんなにいいだろう。変異体さえいなければ・・・そうしたら僕達は外の世界へ出て、遥かな昔そうだったような幸せな暮らしができるのに・・・。
KEY
MSG 僕と弟は何度も何度もそう話し合ってはため息をついたものだった。それが・・・そんな夢のような場所が本当にあるなんて・・・！
KEY
MSG 「すごいなあ！その都市はどこにあるの？」
KEY
MSG 「・・・わからないの。そこはとても遠いどこか・・・世界の果てよりもまだ遠くにあるのかもしれないわ」
KEY
MSG 「世界の果て・・・？」
KEY
MSG 「うふふ、ぼうやには想像もつかないでしょうね。それくらい遠くにあったって不思議じゃないってことよ。それに、変異体にも見つからないように念入りに隠してあるのだもの。そんなに簡単には見つけ出せないわ」
KEY
MSG 「変異体のうろうろしている地上に出て、どこにあるかもしれない『カナン』を探すなんて・・・想像もつかない困難なことであることは違いないだろうな」
KEY
MSG 「ふぅん・・・・・・」
KEY
MSG 「『カナン』か・・・・・・」
KEY
MSG 「・・・・・・・・・・・・・・・・・・」
KEY
MSG 「ねえ、お母さん、お父さん！」
KEY
MSG 「なんだい、ぼうや？」
KEY
MSG 「僕が大きくなったら、きっとその都市を見つけてあげる！」
KEY
MSG 「うふふ・・・それは楽しみなことね」
KEY
MSG 「うん！いつか皆で・・・・・・お父さんも、お母さんも、弟も、このシェルターの皆で・・・そこに行けたらいいね！」
KEY
MSG 「ああ、そうだなあ・・・」
KEY
MSG 父さんの笑顔。母さんの笑顔。二人ともうれしそうに笑って・・・・・・・。
KEY
MSG 浅い眠りの中で、僕は夢を見ていた。瞳をきらきらさせて、両親の顔に交互に視線を走らせている無邪気な幼い子供。あれは僕だ。１０年前の、７歳だった僕。（あの頃の僕は・・・大きくなったら何でもできる気がしてた）
KEY
MSG でも、今はもう違う。僕は自分の無力さを嫌というほど思い知らされているばかりだ。二度とあの約束を果たすことはできなくなってしまったのだから。
KEY
MSG 夢から覚め、現実に引き戻され、灰色の天井を見上げていると涙が滲んでくる。
KEY
MSG シェルター・・・１７年前に僕が生み出され、それからずっと育ってきたこのシェルターは・・・今や死の気配が満ちていた。
KEY
EFF 36
CLR 7
EFF 37
LDS 1 1
